{"/Users/atrzeciak/personal/tennis_3.0/src/index.js": {"path":"/Users/atrzeciak/personal/tennis_3.0/src/index.js","statementMap":{"0":{"start":{"line":14,"column":14},"end":{"line":14,"column":59}},"1":{"start":{"line":15,"column":16},"end":{"line":15,"column":59}},"2":{"start":{"line":17,"column":2},"end":{"line":23,"column":13}},"3":{"start":{"line":26,"column":0},"end":{"line":26,"column":56}},"4":{"start":{"line":27,"column":0},"end":{"line":27,"column":20}}},"fnMap":{},"branchMap":{},"s":{"0":0,"1":0,"2":0,"3":0,"4":0},"f":{},"b":{}}
,"/Users/atrzeciak/personal/tennis_3.0/src/actions/courtActions.js": {"path":"/Users/atrzeciak/personal/tennis_3.0/src/actions/courtActions.js","statementMap":{"0":{"start":{"line":3,"column":26},"end":{"line":3,"column":38}},"1":{"start":{"line":4,"column":28},"end":{"line":4,"column":42}},"2":{"start":{"line":5,"column":28},"end":{"line":5,"column":42}},"3":{"start":{"line":6,"column":27},"end":{"line":6,"column":40}},"4":{"start":{"line":7,"column":27},"end":{"line":7,"column":40}},"5":{"start":{"line":9,"column":25},"end":{"line":12,"column":77}},"6":{"start":{"line":9,"column":31},"end":{"line":12,"column":77}},"7":{"start":{"line":10,"column":2},"end":{"line":12,"column":77}},"8":{"start":{"line":12,"column":22},"end":{"line":12,"column":76}},"9":{"start":{"line":14,"column":27},"end":{"line":14,"column":74}},"10":{"start":{"line":14,"column":36},"end":{"line":14,"column":73}},"11":{"start":{"line":16,"column":26},"end":{"line":16,"column":72}},"12":{"start":{"line":16,"column":35},"end":{"line":16,"column":71}},"13":{"start":{"line":18,"column":27},"end":{"line":18,"column":76}},"14":{"start":{"line":18,"column":37},"end":{"line":18,"column":75}},"15":{"start":{"line":20,"column":26},"end":{"line":20,"column":72}},"16":{"start":{"line":20,"column":35},"end":{"line":20,"column":71}}},"fnMap":{"0":{"name":"(anonymous_0)","decl":{"start":{"line":9,"column":25},"end":{"line":9,"column":26}},"loc":{"start":{"line":9,"column":31},"end":{"line":12,"column":77}},"line":9},"1":{"name":"(anonymous_1)","decl":{"start":{"line":9,"column":31},"end":{"line":9,"column":32}},"loc":{"start":{"line":10,"column":2},"end":{"line":12,"column":77}},"line":10},"2":{"name":"(anonymous_2)","decl":{"start":{"line":12,"column":10},"end":{"line":12,"column":11}},"loc":{"start":{"line":12,"column":22},"end":{"line":12,"column":76}},"line":12},"3":{"name":"(anonymous_3)","decl":{"start":{"line":14,"column":27},"end":{"line":14,"column":28}},"loc":{"start":{"line":14,"column":36},"end":{"line":14,"column":73}},"line":14},"4":{"name":"(anonymous_4)","decl":{"start":{"line":16,"column":26},"end":{"line":16,"column":27}},"loc":{"start":{"line":16,"column":35},"end":{"line":16,"column":71}},"line":16},"5":{"name":"(anonymous_5)","decl":{"start":{"line":18,"column":27},"end":{"line":18,"column":28}},"loc":{"start":{"line":18,"column":37},"end":{"line":18,"column":75}},"line":18},"6":{"name":"(anonymous_6)","decl":{"start":{"line":20,"column":26},"end":{"line":20,"column":27}},"loc":{"start":{"line":20,"column":35},"end":{"line":20,"column":71}},"line":20}},"branchMap":{},"s":{"0":1,"1":1,"2":1,"3":1,"4":1,"5":1,"6":1,"7":1,"8":1,"9":1,"10":1,"11":1,"12":1,"13":1,"14":1,"15":1,"16":1},"f":{"0":1,"1":1,"2":1,"3":1,"4":1,"5":1,"6":1},"b":{},"_coverageSchema":"43e27e138ebf9cfc5966b082cf9a028302ed4184","hash":"7b75f86106f1694d73f892dc55b3526a85e7f756"}
,"/Users/atrzeciak/personal/tennis_3.0/src/components/CourtList.js": {"path":"/Users/atrzeciak/personal/tennis_3.0/src/components/CourtList.js","statementMap":{"0":{"start":{"line":3,"column":18},"end":{"line":33,"column":1}},"1":{"start":{"line":4,"column":2},"end":{"line":31,"column":3}},"2":{"start":{"line":5,"column":4},"end":{"line":7,"column":6}},"3":{"start":{"line":6,"column":6},"end":{"line":6,"column":74}},"4":{"start":{"line":8,"column":4},"end":{"line":30,"column":6}},"5":{"start":{"line":11,"column":10},"end":{"line":17,"column":15}},"6":{"start":{"line":14,"column":27},"end":{"line":14,"column":45}},"7":{"start":{"line":23,"column":14},"end":{"line":23,"column":31}},"8":{"start":{"line":32,"column":2},"end":{"line":32,"column":14}}},"fnMap":{"0":{"name":"(anonymous_0)","decl":{"start":{"line":3,"column":18},"end":{"line":3,"column":19}},"loc":{"start":{"line":3,"column":65},"end":{"line":33,"column":1}},"line":3},"1":{"name":"(anonymous_1)","decl":{"start":{"line":5,"column":16},"end":{"line":5,"column":17}},"loc":{"start":{"line":6,"column":6},"end":{"line":6,"column":74}},"line":6},"2":{"name":"(anonymous_2)","decl":{"start":{"line":10,"column":20},"end":{"line":10,"column":21}},"loc":{"start":{"line":11,"column":10},"end":{"line":17,"column":15}},"line":11},"3":{"name":"(anonymous_3)","decl":{"start":{"line":14,"column":21},"end":{"line":14,"column":22}},"loc":{"start":{"line":14,"column":27},"end":{"line":14,"column":45}},"line":14},"4":{"name":"(anonymous_4)","decl":{"start":{"line":22,"column":21},"end":{"line":22,"column":22}},"loc":{"start":{"line":22,"column":27},"end":{"line":24,"column":13}},"line":22}},"branchMap":{"0":{"loc":{"start":{"line":4,"column":2},"end":{"line":31,"column":3}},"type":"if","locations":[{"start":{"line":4,"column":2},"end":{"line":31,"column":3}},{"start":{"line":4,"column":2},"end":{"line":31,"column":3}}],"line":4},"1":{"loc":{"start":{"line":4,"column":6},"end":{"line":4,"column":41}},"type":"binary-expr","locations":[{"start":{"line":4,"column":6},"end":{"line":4,"column":20}},{"start":{"line":4,"column":24},"end":{"line":4,"column":41}}],"line":4},"2":{"loc":{"start":{"line":19,"column":9},"end":{"line":28,"column":16}},"type":"cond-expr","locations":[{"start":{"line":20,"column":10},"end":{"line":27,"column":15}},{"start":{"line":28,"column":12},"end":{"line":28,"column":16}}],"line":19}},"s":{"0":1,"1":8,"2":5,"3":2,"4":5,"5":7,"6":1,"7":1,"8":3},"f":{"0":8,"1":2,"2":7,"3":1,"4":1},"b":{"0":[5,3],"1":[8,6],"2":[3,2]},"_coverageSchema":"43e27e138ebf9cfc5966b082cf9a028302ed4184","hash":"4bf1007f2c6adce74e25261b324b4ae667088628"}
,"/Users/atrzeciak/personal/tennis_3.0/src/components/CourtTypeTile.js": {"path":"/Users/atrzeciak/personal/tennis_3.0/src/components/CourtTypeTile.js","statementMap":{"0":{"start":{"line":3,"column":22},"end":{"line":14,"column":1}},"1":{"start":{"line":4,"column":2},"end":{"line":13,"column":8}},"2":{"start":{"line":4,"column":52},"end":{"line":4,"column":66}}},"fnMap":{"0":{"name":"(anonymous_0)","decl":{"start":{"line":3,"column":22},"end":{"line":3,"column":23}},"loc":{"start":{"line":4,"column":2},"end":{"line":13,"column":8}},"line":4},"1":{"name":"(anonymous_1)","decl":{"start":{"line":4,"column":46},"end":{"line":4,"column":47}},"loc":{"start":{"line":4,"column":52},"end":{"line":4,"column":66}},"line":4}},"branchMap":{"0":{"loc":{"start":{"line":5,"column":5},"end":{"line":11,"column":5}},"type":"cond-expr","locations":[{"start":{"line":6,"column":6},"end":{"line":8,"column":13}},{"start":{"line":10,"column":6},"end":{"line":10,"column":15}}],"line":5}},"s":{"0":0,"1":0,"2":0},"f":{"0":0,"1":0},"b":{"0":[0,0]}}
,"/Users/atrzeciak/personal/tennis_3.0/src/components/Footer.js": {"path":"/Users/atrzeciak/personal/tennis_3.0/src/components/Footer.js","statementMap":{"0":{"start":{"line":3,"column":15},"end":{"line":14,"column":1}},"1":{"start":{"line":4,"column":2},"end":{"line":13,"column":8}}},"fnMap":{"0":{"name":"(anonymous_0)","decl":{"start":{"line":3,"column":15},"end":{"line":3,"column":16}},"loc":{"start":{"line":4,"column":2},"end":{"line":13,"column":8}},"line":4}},"branchMap":{},"s":{"0":1,"1":1},"f":{"0":1},"b":{},"_coverageSchema":"43e27e138ebf9cfc5966b082cf9a028302ed4184","hash":"f607bbc297773fe71c91725068717c190d4a945c"}
,"/Users/atrzeciak/personal/tennis_3.0/src/components/Map.js": {"path":"/Users/atrzeciak/personal/tennis_3.0/src/components/Map.js","statementMap":{"0":{"start":{"line":5,"column":19},"end":{"line":5,"column":22}},"1":{"start":{"line":15,"column":4},"end":{"line":15,"column":17}},"2":{"start":{"line":16,"column":4},"end":{"line":16,"column":23}},"3":{"start":{"line":17,"column":4},"end":{"line":19,"column":6}},"4":{"start":{"line":18,"column":6},"end":{"line":18,"column":28}},"5":{"start":{"line":22,"column":23},"end":{"line":22,"column":58}},"6":{"start":{"line":25,"column":17},"end":{"line":25,"column":21}},"7":{"start":{"line":26,"column":16},"end":{"line":32,"column":6}},"8":{"start":{"line":33,"column":4},"end":{"line":35,"column":7}},"9":{"start":{"line":36,"column":4},"end":{"line":36,"column":15}},"10":{"start":{"line":40,"column":4},"end":{"line":40,"column":76}},"11":{"start":{"line":40,"column":35},"end":{"line":40,"column":75}},"12":{"start":{"line":43,"column":4},"end":{"line":54,"column":5}},"13":{"start":{"line":45,"column":8},"end":{"line":45,"column":24}},"14":{"start":{"line":47,"column":8},"end":{"line":47,"column":24}},"15":{"start":{"line":49,"column":8},"end":{"line":49,"column":24}},"16":{"start":{"line":51,"column":8},"end":{"line":51,"column":24}},"17":{"start":{"line":53,"column":8},"end":{"line":53,"column":24}},"18":{"start":{"line":58,"column":4},"end":{"line":75,"column":6}},"19":{"start":{"line":78,"column":18},"end":{"line":78,"column":42}},"20":{"start":{"line":79,"column":20},"end":{"line":95,"column":12}},"21":{"start":{"line":97,"column":4},"end":{"line":97,"column":51}},"22":{"start":{"line":101,"column":17},"end":{"line":101,"column":21}},"23":{"start":{"line":102,"column":23},"end":{"line":102,"column":51}},"24":{"start":{"line":103,"column":4},"end":{"line":125,"column":6}},"25":{"start":{"line":111,"column":12},"end":{"line":111,"column":22}},"26":{"start":{"line":113,"column":8},"end":{"line":115,"column":9}},"27":{"start":{"line":114,"column":10},"end":{"line":114,"column":50}},"28":{"start":{"line":117,"column":8},"end":{"line":117,"column":37}},"29":{"start":{"line":119,"column":8},"end":{"line":122,"column":11}},"30":{"start":{"line":129,"column":35},"end":{"line":129,"column":45}},"31":{"start":{"line":130,"column":4},"end":{"line":135,"column":5}},"32":{"start":{"line":131,"column":6},"end":{"line":131,"column":36}},"33":{"start":{"line":132,"column":6},"end":{"line":134,"column":9}},"34":{"start":{"line":139,"column":4},"end":{"line":146,"column":6}},"35":{"start":{"line":143,"column":8},"end":{"line":143,"column":34}},"36":{"start":{"line":150,"column":4},"end":{"line":165,"column":5}},"37":{"start":{"line":154,"column":18},"end":{"line":154,"column":34}},"38":{"start":{"line":155,"column":21},"end":{"line":155,"column":36}},"39":{"start":{"line":156,"column":21},"end":{"line":156,"column":37}},"40":{"start":{"line":157,"column":6},"end":{"line":162,"column":9}},"41":{"start":{"line":158,"column":23},"end":{"line":158,"column":58}},"42":{"start":{"line":159,"column":8},"end":{"line":159,"column":44}},"43":{"start":{"line":160,"column":8},"end":{"line":160,"column":42}},"44":{"start":{"line":161,"column":8},"end":{"line":161,"column":41}},"45":{"start":{"line":163,"column":6},"end":{"line":163,"column":71}},"46":{"start":{"line":163,"column":40},"end":{"line":163,"column":71}},"47":{"start":{"line":164,"column":6},"end":{"line":164,"column":39}},"48":{"start":{"line":169,"column":4},"end":{"line":173,"column":10}},"49":{"start":{"line":178,"column":0},"end":{"line":181,"column":2}}},"fnMap":{"0":{"name":"(anonymous_0)","decl":{"start":{"line":14,"column":2},"end":{"line":14,"column":3}},"loc":{"start":{"line":14,"column":21},"end":{"line":20,"column":3}},"line":14},"1":{"name":"(anonymous_1)","decl":{"start":{"line":17,"column":21},"end":{"line":17,"column":22}},"loc":{"start":{"line":17,"column":32},"end":{"line":19,"column":5}},"line":17},"2":{"name":"(anonymous_2)","decl":{"start":{"line":22,"column":17},"end":{"line":22,"column":18}},"loc":{"start":{"line":22,"column":23},"end":{"line":22,"column":58}},"line":22},"3":{"name":"(anonymous_3)","decl":{"start":{"line":24,"column":14},"end":{"line":24,"column":15}},"loc":{"start":{"line":24,"column":20},"end":{"line":37,"column":3}},"line":24},"4":{"name":"(anonymous_4)","decl":{"start":{"line":39,"column":14},"end":{"line":39,"column":15}},"loc":{"start":{"line":40,"column":4},"end":{"line":40,"column":76}},"line":40},"5":{"name":"(anonymous_5)","decl":{"start":{"line":40,"column":26},"end":{"line":40,"column":27}},"loc":{"start":{"line":40,"column":35},"end":{"line":40,"column":75}},"line":40},"6":{"name":"(anonymous_6)","decl":{"start":{"line":42,"column":16},"end":{"line":42,"column":17}},"loc":{"start":{"line":42,"column":30},"end":{"line":55,"column":3}},"line":42},"7":{"name":"(anonymous_7)","decl":{"start":{"line":57,"column":17},"end":{"line":57,"column":18}},"loc":{"start":{"line":58,"column":4},"end":{"line":75,"column":6}},"line":58},"8":{"name":"(anonymous_8)","decl":{"start":{"line":77,"column":21},"end":{"line":77,"column":22}},"loc":{"start":{"line":77,"column":30},"end":{"line":98,"column":3}},"line":77},"9":{"name":"(anonymous_9)","decl":{"start":{"line":100,"column":2},"end":{"line":100,"column":3}},"loc":{"start":{"line":100,"column":32},"end":{"line":126,"column":3}},"line":100},"10":{"name":"(anonymous_10)","decl":{"start":{"line":106,"column":6},"end":{"line":106,"column":7}},"loc":{"start":{"line":106,"column":12},"end":{"line":123,"column":7}},"line":106},"11":{"name":"(anonymous_11)","decl":{"start":{"line":128,"column":2},"end":{"line":128,"column":3}},"loc":{"start":{"line":128,"column":23},"end":{"line":136,"column":3}},"line":128},"12":{"name":"(anonymous_12)","decl":{"start":{"line":138,"column":2},"end":{"line":138,"column":3}},"loc":{"start":{"line":138,"column":30},"end":{"line":147,"column":3}},"line":138},"13":{"name":"(anonymous_13)","decl":{"start":{"line":142,"column":6},"end":{"line":142,"column":7}},"loc":{"start":{"line":142,"column":12},"end":{"line":144,"column":7}},"line":142},"14":{"name":"(anonymous_14)","decl":{"start":{"line":149,"column":2},"end":{"line":149,"column":3}},"loc":{"start":{"line":149,"column":40},"end":{"line":166,"column":3}},"line":149},"15":{"name":"(anonymous_15)","decl":{"start":{"line":157,"column":21},"end":{"line":157,"column":22}},"loc":{"start":{"line":157,"column":37},"end":{"line":162,"column":7}},"line":157},"16":{"name":"(anonymous_16)","decl":{"start":{"line":168,"column":11},"end":{"line":168,"column":12}},"loc":{"start":{"line":169,"column":4},"end":{"line":173,"column":10}},"line":169}},"branchMap":{"0":{"loc":{"start":{"line":22,"column":23},"end":{"line":22,"column":58}},"type":"binary-expr","locations":[{"start":{"line":22,"column":23},"end":{"line":22,"column":52}},{"start":{"line":22,"column":56},"end":{"line":22,"column":58}}],"line":22},"1":{"loc":{"start":{"line":43,"column":4},"end":{"line":54,"column":5}},"type":"switch","locations":[{"start":{"line":44,"column":6},"end":{"line":45,"column":24}},{"start":{"line":46,"column":6},"end":{"line":47,"column":24}},{"start":{"line":48,"column":6},"end":{"line":49,"column":24}},{"start":{"line":50,"column":6},"end":{"line":51,"column":24}},{"start":{"line":52,"column":6},"end":{"line":53,"column":24}}],"line":43},"2":{"loc":{"start":{"line":84,"column":6},"end":{"line":88,"column":12}},"type":"cond-expr","locations":[{"start":{"line":85,"column":10},"end":{"line":87,"column":18}},{"start":{"line":88,"column":10},"end":{"line":88,"column":12}}],"line":84},"3":{"loc":{"start":{"line":90,"column":6},"end":{"line":94,"column":12}},"type":"cond-expr","locations":[{"start":{"line":91,"column":10},"end":{"line":93,"column":18}},{"start":{"line":94,"column":10},"end":{"line":94,"column":12}}],"line":90},"4":{"loc":{"start":{"line":113,"column":8},"end":{"line":115,"column":9}},"type":"if","locations":[{"start":{"line":113,"column":8},"end":{"line":115,"column":9}},{"start":{"line":113,"column":8},"end":{"line":115,"column":9}}],"line":113},"5":{"loc":{"start":{"line":130,"column":4},"end":{"line":135,"column":5}},"type":"if","locations":[{"start":{"line":130,"column":4},"end":{"line":135,"column":5}},{"start":{"line":130,"column":4},"end":{"line":135,"column":5}}],"line":130},"6":{"loc":{"start":{"line":150,"column":4},"end":{"line":165,"column":5}},"type":"if","locations":[{"start":{"line":150,"column":4},"end":{"line":165,"column":5}},{"start":{"line":150,"column":4},"end":{"line":165,"column":5}}],"line":150},"7":{"loc":{"start":{"line":151,"column":6},"end":{"line":152,"column":32}},"type":"binary-expr","locations":[{"start":{"line":151,"column":6},"end":{"line":151,"column":48}},{"start":{"line":152,"column":6},"end":{"line":152,"column":32}}],"line":151},"8":{"loc":{"start":{"line":163,"column":6},"end":{"line":163,"column":71}},"type":"if","locations":[{"start":{"line":163,"column":6},"end":{"line":163,"column":71}},{"start":{"line":163,"column":6},"end":{"line":163,"column":71}}],"line":163}},"s":{"0":0,"1":0,"2":0,"3":0,"4":0,"5":0,"6":0,"7":0,"8":0,"9":0,"10":0,"11":0,"12":0,"13":0,"14":0,"15":0,"16":0,"17":0,"18":0,"19":0,"20":0,"21":0,"22":0,"23":0,"24":0,"25":0,"26":0,"27":0,"28":0,"29":0,"30":0,"31":0,"32":0,"33":0,"34":0,"35":0,"36":0,"37":0,"38":0,"39":0,"40":0,"41":0,"42":0,"43":0,"44":0,"45":0,"46":0,"47":0,"48":0,"49":0},"f":{"0":0,"1":0,"2":0,"3":0,"4":0,"5":0,"6":0,"7":0,"8":0,"9":0,"10":0,"11":0,"12":0,"13":0,"14":0,"15":0,"16":0},"b":{"0":[0,0],"1":[0,0,0,0,0],"2":[0,0],"3":[0,0],"4":[0,0],"5":[0,0],"6":[0,0],"7":[0,0],"8":[0,0]}}
,"/Users/atrzeciak/personal/tennis_3.0/src/components/SortByButtons.js": {"path":"/Users/atrzeciak/personal/tennis_3.0/src/components/SortByButtons.js","statementMap":{"0":{"start":{"line":6,"column":21},"end":{"line":6,"column":26}},"1":{"start":{"line":14,"column":39},"end":{"line":14,"column":49}},"2":{"start":{"line":15,"column":4},"end":{"line":15,"column":21}},"3":{"start":{"line":16,"column":4},"end":{"line":16,"column":21}},"4":{"start":{"line":17,"column":4},"end":{"line":19,"column":7}},"5":{"start":{"line":23,"column":4},"end":{"line":50,"column":10}},"6":{"start":{"line":34,"column":12},"end":{"line":34,"column":34}},"7":{"start":{"line":35,"column":8},"end":{"line":48,"column":10}},"8":{"start":{"line":54,"column":0},"end":{"line":57,"column":2}}},"fnMap":{"0":{"name":"(anonymous_0)","decl":{"start":{"line":13,"column":15},"end":{"line":13,"column":16}},"loc":{"start":{"line":13,"column":23},"end":{"line":20,"column":3}},"line":13},"1":{"name":"(anonymous_1)","decl":{"start":{"line":22,"column":11},"end":{"line":22,"column":12}},"loc":{"start":{"line":23,"column":4},"end":{"line":50,"column":10}},"line":23},"2":{"name":"(anonymous_2)","decl":{"start":{"line":26,"column":40},"end":{"line":26,"column":41}},"loc":{"start":{"line":26,"column":49},"end":{"line":49,"column":7}},"line":26}},"branchMap":{"0":{"loc":{"start":{"line":38,"column":14},"end":{"line":38,"column":56}},"type":"cond-expr","locations":[{"start":{"line":38,"column":39},"end":{"line":38,"column":51}},{"start":{"line":38,"column":54},"end":{"line":38,"column":56}}],"line":38}},"s":{"0":0,"1":0,"2":0,"3":0,"4":0,"5":0,"6":0,"7":0,"8":0},"f":{"0":0,"1":0,"2":0},"b":{"0":[0,0]}}
,"/Users/atrzeciak/personal/tennis_3.0/src/components/StyleButtons.js": {"path":"/Users/atrzeciak/personal/tennis_3.0/src/components/StyleButtons.js","statementMap":{"0":{"start":{"line":5,"column":23},"end":{"line":5,"column":34}},"1":{"start":{"line":13,"column":4},"end":{"line":13,"column":35}},"2":{"start":{"line":14,"column":4},"end":{"line":16,"column":7}},"3":{"start":{"line":20,"column":23},"end":{"line":20,"column":33}},"4":{"start":{"line":21,"column":4},"end":{"line":37,"column":6}},"5":{"start":{"line":25,"column":49},"end":{"line":25,"column":75}},"6":{"start":{"line":26,"column":10},"end":{"line":34,"column":12}},"7":{"start":{"line":30,"column":29},"end":{"line":30,"column":56}},"8":{"start":{"line":41,"column":0},"end":{"line":43,"column":2}}},"fnMap":{"0":{"name":"(anonymous_0)","decl":{"start":{"line":12,"column":16},"end":{"line":12,"column":17}},"loc":{"start":{"line":12,"column":26},"end":{"line":17,"column":3}},"line":12},"1":{"name":"(anonymous_1)","decl":{"start":{"line":19,"column":2},"end":{"line":19,"column":3}},"loc":{"start":{"line":19,"column":11},"end":{"line":38,"column":3}},"line":19},"2":{"name":"(anonymous_2)","decl":{"start":{"line":24,"column":45},"end":{"line":24,"column":46}},"loc":{"start":{"line":24,"column":55},"end":{"line":35,"column":9}},"line":24},"3":{"name":"(anonymous_3)","decl":{"start":{"line":30,"column":23},"end":{"line":30,"column":24}},"loc":{"start":{"line":30,"column":29},"end":{"line":30,"column":56}},"line":30}},"branchMap":{"0":{"loc":{"start":{"line":28,"column":41},"end":{"line":28,"column":77}},"type":"cond-expr","locations":[{"start":{"line":28,"column":64},"end":{"line":28,"column":72}},{"start":{"line":28,"column":75},"end":{"line":28,"column":77}}],"line":28}},"s":{"0":0,"1":0,"2":0,"3":0,"4":0,"5":0,"6":0,"7":0,"8":0},"f":{"0":0,"1":0,"2":0,"3":0},"b":{"0":[0,0]}}
,"/Users/atrzeciak/personal/tennis_3.0/src/components/Wrapper.js": {"path":"/Users/atrzeciak/personal/tennis_3.0/src/components/Wrapper.js","statementMap":{"0":{"start":{"line":5,"column":16},"end":{"line":10,"column":1}},"1":{"start":{"line":6,"column":2},"end":{"line":9,"column":8}},"2":{"start":{"line":12,"column":0},"end":{"line":14,"column":2}}},"fnMap":{"0":{"name":"(anonymous_0)","decl":{"start":{"line":5,"column":16},"end":{"line":5,"column":17}},"loc":{"start":{"line":6,"column":2},"end":{"line":9,"column":8}},"line":6}},"branchMap":{},"s":{"0":0,"1":0,"2":0},"f":{"0":0},"b":{}}
,"/Users/atrzeciak/personal/tennis_3.0/src/constants/buttonPannelConfig.js": {"path":"/Users/atrzeciak/personal/tennis_3.0/src/constants/buttonPannelConfig.js","statementMap":{},"fnMap":{},"branchMap":{},"s":{},"f":{},"b":{}}
,"/Users/atrzeciak/personal/tennis_3.0/src/constants/courtStyles.js": {"path":"/Users/atrzeciak/personal/tennis_3.0/src/constants/courtStyles.js","statementMap":{},"fnMap":{},"branchMap":{},"s":{},"f":{},"b":{},"_coverageSchema":"43e27e138ebf9cfc5966b082cf9a028302ed4184","hash":"b197d1d5332e3a29c1bfe18013a837393dbed73e"}
,"/Users/atrzeciak/personal/tennis_3.0/src/constants/courtTypeConfig.js": {"path":"/Users/atrzeciak/personal/tennis_3.0/src/constants/courtTypeConfig.js","statementMap":{},"fnMap":{},"branchMap":{},"s":{},"f":{},"b":{}}
,"/Users/atrzeciak/personal/tennis_3.0/src/containers/AppContainer.js": {"path":"/Users/atrzeciak/personal/tennis_3.0/src/containers/AppContainer.js","statementMap":{"0":{"start":{"line":19,"column":4},"end":{"line":19,"column":27}},"1":{"start":{"line":31,"column":8},"end":{"line":31,"column":18}},"2":{"start":{"line":32,"column":4},"end":{"line":51,"column":6}},"3":{"start":{"line":55,"column":24},"end":{"line":63,"column":2}},"4":{"start":{"line":58,"column":7},"end":{"line":63,"column":1}},"5":{"start":{"line":65,"column":27},"end":{"line":71,"column":3}},"6":{"start":{"line":66,"column":2},"end":{"line":71,"column":3}},"7":{"start":{"line":78,"column":0},"end":{"line":87,"column":2}},"8":{"start":{"line":89,"column":0},"end":{"line":95,"column":2}}},"fnMap":{"0":{"name":"(anonymous_0)","decl":{"start":{"line":18,"column":2},"end":{"line":18,"column":3}},"loc":{"start":{"line":18,"column":22},"end":{"line":20,"column":3}},"line":18},"1":{"name":"(anonymous_1)","decl":{"start":{"line":22,"column":2},"end":{"line":22,"column":3}},"loc":{"start":{"line":22,"column":11},"end":{"line":52,"column":3}},"line":22},"2":{"name":"(anonymous_2)","decl":{"start":{"line":55,"column":24},"end":{"line":55,"column":25}},"loc":{"start":{"line":58,"column":7},"end":{"line":63,"column":1}},"line":58},"3":{"name":"(anonymous_3)","decl":{"start":{"line":65,"column":27},"end":{"line":65,"column":28}},"loc":{"start":{"line":66,"column":2},"end":{"line":71,"column":3}},"line":66}},"branchMap":{},"s":{"0":0,"1":0,"2":0,"3":0,"4":0,"5":0,"6":0,"7":0,"8":0},"f":{"0":0,"1":0,"2":0,"3":0},"b":{}}
,"/Users/atrzeciak/personal/tennis_3.0/src/reducers/courts.js": {"path":"/Users/atrzeciak/personal/tennis_3.0/src/reducers/courts.js","statementMap":{"0":{"start":{"line":5,"column":4},"end":{"line":5,"column":38}},"1":{"start":{"line":7,"column":21},"end":{"line":12,"column":1}},"2":{"start":{"line":14,"column":14},"end":{"line":14,"column":21}},"3":{"start":{"line":15,"column":13},"end":{"line":15,"column":19}},"4":{"start":{"line":16,"column":13},"end":{"line":16,"column":19}},"5":{"start":{"line":17,"column":14},"end":{"line":17,"column":21}},"6":{"start":{"line":19,"column":15},"end":{"line":55,"column":1}},"7":{"start":{"line":20,"column":25},"end":{"line":20,"column":30}},"8":{"start":{"line":21,"column":2},"end":{"line":54,"column":3}},"9":{"start":{"line":23,"column":6},"end":{"line":27,"column":8}},"10":{"start":{"line":29,"column":6},"end":{"line":41,"column":7}},"11":{"start":{"line":34,"column":10},"end":{"line":36,"column":12}},"12":{"start":{"line":35,"column":21},"end":{"line":35,"column":50}},"13":{"start":{"line":37,"column":10},"end":{"line":37,"column":16}},"14":{"start":{"line":39,"column":10},"end":{"line":39,"column":43}},"15":{"start":{"line":40,"column":10},"end":{"line":40,"column":16}},"16":{"start":{"line":42,"column":6},"end":{"line":45,"column":8}},"17":{"start":{"line":47,"column":6},"end":{"line":50,"column":8}},"18":{"start":{"line":53,"column":6},"end":{"line":53,"column":19}}},"fnMap":{"0":{"name":"(anonymous_0)","decl":{"start":{"line":19,"column":15},"end":{"line":19,"column":16}},"loc":{"start":{"line":19,"column":49},"end":{"line":55,"column":1}},"line":19},"1":{"name":"(anonymous_1)","decl":{"start":{"line":35,"column":12},"end":{"line":35,"column":13}},"loc":{"start":{"line":35,"column":21},"end":{"line":35,"column":50}},"line":35}},"branchMap":{"0":{"loc":{"start":{"line":19,"column":16},"end":{"line":19,"column":36}},"type":"default-arg","locations":[{"start":{"line":19,"column":24},"end":{"line":19,"column":36}}],"line":19},"1":{"loc":{"start":{"line":21,"column":2},"end":{"line":54,"column":3}},"type":"switch","locations":[{"start":{"line":22,"column":4},"end":{"line":27,"column":8}},{"start":{"line":28,"column":4},"end":{"line":45,"column":8}},{"start":{"line":46,"column":4},"end":{"line":50,"column":8}},{"start":{"line":52,"column":4},"end":{"line":53,"column":19}}],"line":21},"2":{"loc":{"start":{"line":29,"column":6},"end":{"line":41,"column":7}},"type":"switch","locations":[{"start":{"line":30,"column":8},"end":{"line":30,"column":18}},{"start":{"line":31,"column":8},"end":{"line":31,"column":18}},{"start":{"line":32,"column":8},"end":{"line":32,"column":19}},{"start":{"line":33,"column":8},"end":{"line":37,"column":16}},{"start":{"line":38,"column":8},"end":{"line":40,"column":16}}],"line":29}},"s":{"0":0,"1":0,"2":0,"3":0,"4":0,"5":0,"6":0,"7":0,"8":0,"9":0,"10":0,"11":0,"12":0,"13":0,"14":0,"15":0,"16":0,"17":0,"18":0},"f":{"0":0,"1":0},"b":{"0":[0],"1":[0,0,0,0],"2":[0,0,0,0,0]}}
,"/Users/atrzeciak/personal/tennis_3.0/src/reducers/index.js": {"path":"/Users/atrzeciak/personal/tennis_3.0/src/reducers/index.js","statementMap":{"0":{"start":{"line":6,"column":17},"end":{"line":10,"column":2}}},"fnMap":{},"branchMap":{},"s":{"0":0},"f":{},"b":{}}
,"/Users/atrzeciak/personal/tennis_3.0/src/reducers/styles.js": {"path":"/Users/atrzeciak/personal/tennis_3.0/src/reducers/styles.js","statementMap":{"0":{"start":{"line":1,"column":25},"end":{"line":1,"column":59}},"1":{"start":{"line":3,"column":21},"end":{"line":5,"column":1}},"2":{"start":{"line":7,"column":15},"end":{"line":17,"column":1}},"3":{"start":{"line":8,"column":2},"end":{"line":16,"column":3}},"4":{"start":{"line":10,"column":6},"end":{"line":13,"column":8}},"5":{"start":{"line":15,"column":6},"end":{"line":15,"column":19}}},"fnMap":{"0":{"name":"(anonymous_0)","decl":{"start":{"line":7,"column":15},"end":{"line":7,"column":16}},"loc":{"start":{"line":7,"column":49},"end":{"line":17,"column":1}},"line":7}},"branchMap":{"0":{"loc":{"start":{"line":7,"column":16},"end":{"line":7,"column":36}},"type":"default-arg","locations":[{"start":{"line":7,"column":24},"end":{"line":7,"column":36}}],"line":7},"1":{"loc":{"start":{"line":8,"column":2},"end":{"line":16,"column":3}},"type":"switch","locations":[{"start":{"line":9,"column":4},"end":{"line":13,"column":8}},{"start":{"line":14,"column":4},"end":{"line":15,"column":19}}],"line":8}},"s":{"0":0,"1":0,"2":0,"3":0,"4":0,"5":0},"f":{"0":0},"b":{"0":[0],"1":[0,0]}}
}
