{"/Users/trebek1/code/tennis_3.0/src/actions/courtActions.js": {"path":"/Users/trebek1/code/tennis_3.0/src/actions/courtActions.js","statementMap":{"0":{"start":{"line":3,"column":26},"end":{"line":3,"column":38}},"1":{"start":{"line":4,"column":28},"end":{"line":4,"column":42}},"2":{"start":{"line":5,"column":28},"end":{"line":5,"column":42}},"3":{"start":{"line":6,"column":27},"end":{"line":6,"column":40}},"4":{"start":{"line":8,"column":25},"end":{"line":11,"column":77}},"5":{"start":{"line":8,"column":31},"end":{"line":11,"column":77}},"6":{"start":{"line":9,"column":2},"end":{"line":11,"column":77}},"7":{"start":{"line":11,"column":22},"end":{"line":11,"column":76}},"8":{"start":{"line":13,"column":27},"end":{"line":13,"column":76}},"9":{"start":{"line":13,"column":37},"end":{"line":13,"column":75}},"10":{"start":{"line":15,"column":26},"end":{"line":15,"column":72}},"11":{"start":{"line":15,"column":35},"end":{"line":15,"column":71}},"12":{"start":{"line":17,"column":27},"end":{"line":17,"column":76}},"13":{"start":{"line":17,"column":37},"end":{"line":17,"column":75}}},"fnMap":{"0":{"name":"(anonymous_0)","decl":{"start":{"line":8,"column":25},"end":{"line":8,"column":26}},"loc":{"start":{"line":8,"column":31},"end":{"line":11,"column":77}},"line":8},"1":{"name":"(anonymous_1)","decl":{"start":{"line":8,"column":31},"end":{"line":8,"column":32}},"loc":{"start":{"line":9,"column":2},"end":{"line":11,"column":77}},"line":9},"2":{"name":"(anonymous_2)","decl":{"start":{"line":11,"column":10},"end":{"line":11,"column":11}},"loc":{"start":{"line":11,"column":22},"end":{"line":11,"column":76}},"line":11},"3":{"name":"(anonymous_3)","decl":{"start":{"line":13,"column":27},"end":{"line":13,"column":28}},"loc":{"start":{"line":13,"column":37},"end":{"line":13,"column":75}},"line":13},"4":{"name":"(anonymous_4)","decl":{"start":{"line":15,"column":26},"end":{"line":15,"column":27}},"loc":{"start":{"line":15,"column":35},"end":{"line":15,"column":71}},"line":15},"5":{"name":"(anonymous_5)","decl":{"start":{"line":17,"column":27},"end":{"line":17,"column":28}},"loc":{"start":{"line":17,"column":37},"end":{"line":17,"column":75}},"line":17}},"branchMap":{},"s":{"0":4,"1":4,"2":4,"3":4,"4":4,"5":1,"6":1,"7":1,"8":4,"9":2,"10":4,"11":3,"12":4,"13":2},"f":{"0":1,"1":1,"2":1,"3":2,"4":3,"5":2},"b":{},"_coverageSchema":"43e27e138ebf9cfc5966b082cf9a028302ed4184","hash":"bf05b8e38d96eb0a092bdc87fd0c4e94781c1fbb"}
,"/Users/trebek1/code/tennis_3.0/src/components/App.js": {"path":"/Users/trebek1/code/tennis_3.0/src/components/App.js","statementMap":{"0":{"start":{"line":16,"column":14},"end":{"line":16,"column":59}},"1":{"start":{"line":18,"column":12},"end":{"line":31,"column":1}},"2":{"start":{"line":19,"column":2},"end":{"line":30,"column":13}}},"fnMap":{"0":{"name":"(anonymous_0)","decl":{"start":{"line":18,"column":12},"end":{"line":18,"column":13}},"loc":{"start":{"line":19,"column":2},"end":{"line":30,"column":13}},"line":19}},"branchMap":{},"s":{"0":1,"1":1,"2":1},"f":{"0":1},"b":{},"_coverageSchema":"43e27e138ebf9cfc5966b082cf9a028302ed4184","hash":"cee868d59c90091407860ca9f458e61739d0e128"}
,"/Users/trebek1/code/tennis_3.0/src/components/CourtList.js": {"path":"/Users/trebek1/code/tennis_3.0/src/components/CourtList.js","statementMap":{"0":{"start":{"line":3,"column":18},"end":{"line":33,"column":1}},"1":{"start":{"line":4,"column":2},"end":{"line":31,"column":3}},"2":{"start":{"line":5,"column":4},"end":{"line":7,"column":6}},"3":{"start":{"line":6,"column":6},"end":{"line":6,"column":74}},"4":{"start":{"line":8,"column":4},"end":{"line":30,"column":6}},"5":{"start":{"line":11,"column":10},"end":{"line":17,"column":15}},"6":{"start":{"line":14,"column":27},"end":{"line":14,"column":45}},"7":{"start":{"line":23,"column":14},"end":{"line":23,"column":31}},"8":{"start":{"line":32,"column":2},"end":{"line":32,"column":14}}},"fnMap":{"0":{"name":"(anonymous_0)","decl":{"start":{"line":3,"column":18},"end":{"line":3,"column":19}},"loc":{"start":{"line":3,"column":65},"end":{"line":33,"column":1}},"line":3},"1":{"name":"(anonymous_1)","decl":{"start":{"line":5,"column":16},"end":{"line":5,"column":17}},"loc":{"start":{"line":6,"column":6},"end":{"line":6,"column":74}},"line":6},"2":{"name":"(anonymous_2)","decl":{"start":{"line":10,"column":20},"end":{"line":10,"column":21}},"loc":{"start":{"line":11,"column":10},"end":{"line":17,"column":15}},"line":11},"3":{"name":"(anonymous_3)","decl":{"start":{"line":14,"column":21},"end":{"line":14,"column":22}},"loc":{"start":{"line":14,"column":27},"end":{"line":14,"column":45}},"line":14},"4":{"name":"(anonymous_4)","decl":{"start":{"line":22,"column":21},"end":{"line":22,"column":22}},"loc":{"start":{"line":22,"column":27},"end":{"line":24,"column":13}},"line":22}},"branchMap":{"0":{"loc":{"start":{"line":4,"column":2},"end":{"line":31,"column":3}},"type":"if","locations":[{"start":{"line":4,"column":2},"end":{"line":31,"column":3}},{"start":{"line":4,"column":2},"end":{"line":31,"column":3}}],"line":4},"1":{"loc":{"start":{"line":4,"column":6},"end":{"line":4,"column":41}},"type":"binary-expr","locations":[{"start":{"line":4,"column":6},"end":{"line":4,"column":20}},{"start":{"line":4,"column":24},"end":{"line":4,"column":41}}],"line":4},"2":{"loc":{"start":{"line":19,"column":9},"end":{"line":28,"column":16}},"type":"cond-expr","locations":[{"start":{"line":20,"column":10},"end":{"line":27,"column":15}},{"start":{"line":28,"column":12},"end":{"line":28,"column":16}}],"line":19}},"s":{"0":3,"1":9,"2":5,"3":2,"4":5,"5":7,"6":1,"7":1,"8":4},"f":{"0":9,"1":2,"2":7,"3":1,"4":1},"b":{"0":[5,4],"1":[9,7],"2":[3,2]},"_coverageSchema":"43e27e138ebf9cfc5966b082cf9a028302ed4184","hash":"a905954135e349833890a76d35a1cad452ed38e9"}
,"/Users/trebek1/code/tennis_3.0/src/components/CourtTypeTile.js": {"path":"/Users/trebek1/code/tennis_3.0/src/components/CourtTypeTile.js","statementMap":{"0":{"start":{"line":3,"column":22},"end":{"line":14,"column":1}},"1":{"start":{"line":4,"column":2},"end":{"line":13,"column":8}},"2":{"start":{"line":4,"column":52},"end":{"line":4,"column":66}}},"fnMap":{"0":{"name":"(anonymous_0)","decl":{"start":{"line":3,"column":22},"end":{"line":3,"column":23}},"loc":{"start":{"line":4,"column":2},"end":{"line":13,"column":8}},"line":4},"1":{"name":"(anonymous_1)","decl":{"start":{"line":4,"column":46},"end":{"line":4,"column":47}},"loc":{"start":{"line":4,"column":52},"end":{"line":4,"column":66}},"line":4}},"branchMap":{"0":{"loc":{"start":{"line":5,"column":5},"end":{"line":11,"column":5}},"type":"cond-expr","locations":[{"start":{"line":6,"column":6},"end":{"line":8,"column":13}},{"start":{"line":10,"column":6},"end":{"line":10,"column":15}}],"line":5}},"s":{"0":5,"1":19,"2":2},"f":{"0":19,"1":2},"b":{"0":[15,4]},"_coverageSchema":"43e27e138ebf9cfc5966b082cf9a028302ed4184","hash":"bd7d32fe8403512ec24500e660d1b9fa87d9a27c"}
,"/Users/trebek1/code/tennis_3.0/src/components/Footer.js": {"path":"/Users/trebek1/code/tennis_3.0/src/components/Footer.js","statementMap":{"0":{"start":{"line":3,"column":15},"end":{"line":14,"column":1}},"1":{"start":{"line":4,"column":2},"end":{"line":13,"column":8}}},"fnMap":{"0":{"name":"(anonymous_0)","decl":{"start":{"line":3,"column":15},"end":{"line":3,"column":16}},"loc":{"start":{"line":4,"column":2},"end":{"line":13,"column":8}},"line":4}},"branchMap":{},"s":{"0":2,"1":1},"f":{"0":1},"b":{},"_coverageSchema":"43e27e138ebf9cfc5966b082cf9a028302ed4184","hash":"c916125ce05e9e7244a72d383b485268aea9475f"}
,"/Users/trebek1/code/tennis_3.0/src/components/Map.js": {"path":"/Users/trebek1/code/tennis_3.0/src/components/Map.js","statementMap":{"0":{"start":{"line":5,"column":19},"end":{"line":5,"column":22}},"1":{"start":{"line":7,"column":16},"end":{"line":11,"column":1}},"2":{"start":{"line":21,"column":4},"end":{"line":21,"column":17}},"3":{"start":{"line":22,"column":4},"end":{"line":22,"column":23}},"4":{"start":{"line":23,"column":4},"end":{"line":25,"column":6}},"5":{"start":{"line":24,"column":6},"end":{"line":24,"column":28}},"6":{"start":{"line":28,"column":23},"end":{"line":28,"column":59}},"7":{"start":{"line":31,"column":17},"end":{"line":31,"column":21}},"8":{"start":{"line":32,"column":16},"end":{"line":38,"column":6}},"9":{"start":{"line":39,"column":4},"end":{"line":41,"column":7}},"10":{"start":{"line":42,"column":4},"end":{"line":42,"column":15}},"11":{"start":{"line":46,"column":4},"end":{"line":46,"column":76}},"12":{"start":{"line":46,"column":35},"end":{"line":46,"column":75}},"13":{"start":{"line":49,"column":4},"end":{"line":60,"column":5}},"14":{"start":{"line":51,"column":8},"end":{"line":51,"column":24}},"15":{"start":{"line":53,"column":8},"end":{"line":53,"column":24}},"16":{"start":{"line":55,"column":8},"end":{"line":55,"column":24}},"17":{"start":{"line":57,"column":8},"end":{"line":57,"column":24}},"18":{"start":{"line":59,"column":8},"end":{"line":59,"column":24}},"19":{"start":{"line":64,"column":4},"end":{"line":81,"column":6}},"20":{"start":{"line":84,"column":18},"end":{"line":84,"column":42}},"21":{"start":{"line":86,"column":20},"end":{"line":100,"column":5}},"22":{"start":{"line":88,"column":8},"end":{"line":93,"column":19}},"23":{"start":{"line":89,"column":10},"end":{"line":93,"column":19}},"24":{"start":{"line":94,"column":8},"end":{"line":94,"column":20}},"25":{"start":{"line":103,"column":4},"end":{"line":103,"column":51}},"26":{"start":{"line":107,"column":17},"end":{"line":107,"column":21}},"27":{"start":{"line":108,"column":23},"end":{"line":108,"column":51}},"28":{"start":{"line":109,"column":4},"end":{"line":131,"column":6}},"29":{"start":{"line":117,"column":12},"end":{"line":117,"column":22}},"30":{"start":{"line":119,"column":8},"end":{"line":121,"column":9}},"31":{"start":{"line":120,"column":10},"end":{"line":120,"column":50}},"32":{"start":{"line":123,"column":8},"end":{"line":123,"column":37}},"33":{"start":{"line":125,"column":8},"end":{"line":128,"column":11}},"34":{"start":{"line":135,"column":35},"end":{"line":135,"column":45}},"35":{"start":{"line":136,"column":4},"end":{"line":141,"column":5}},"36":{"start":{"line":137,"column":6},"end":{"line":137,"column":36}},"37":{"start":{"line":138,"column":6},"end":{"line":140,"column":9}},"38":{"start":{"line":145,"column":4},"end":{"line":152,"column":6}},"39":{"start":{"line":149,"column":8},"end":{"line":149,"column":34}},"40":{"start":{"line":156,"column":4},"end":{"line":172,"column":5}},"41":{"start":{"line":160,"column":18},"end":{"line":160,"column":34}},"42":{"start":{"line":161,"column":21},"end":{"line":161,"column":36}},"43":{"start":{"line":162,"column":21},"end":{"line":162,"column":37}},"44":{"start":{"line":163,"column":6},"end":{"line":168,"column":9}},"45":{"start":{"line":164,"column":23},"end":{"line":164,"column":58}},"46":{"start":{"line":165,"column":8},"end":{"line":165,"column":44}},"47":{"start":{"line":166,"column":8},"end":{"line":166,"column":42}},"48":{"start":{"line":167,"column":8},"end":{"line":167,"column":41}},"49":{"start":{"line":170,"column":6},"end":{"line":170,"column":71}},"50":{"start":{"line":170,"column":40},"end":{"line":170,"column":71}},"51":{"start":{"line":171,"column":6},"end":{"line":171,"column":39}},"52":{"start":{"line":176,"column":4},"end":{"line":180,"column":10}},"53":{"start":{"line":185,"column":0},"end":{"line":188,"column":2}}},"fnMap":{"0":{"name":"(anonymous_0)","decl":{"start":{"line":20,"column":2},"end":{"line":20,"column":3}},"loc":{"start":{"line":20,"column":21},"end":{"line":26,"column":3}},"line":20},"1":{"name":"(anonymous_1)","decl":{"start":{"line":23,"column":21},"end":{"line":23,"column":22}},"loc":{"start":{"line":23,"column":32},"end":{"line":25,"column":5}},"line":23},"2":{"name":"(anonymous_2)","decl":{"start":{"line":28,"column":17},"end":{"line":28,"column":18}},"loc":{"start":{"line":28,"column":23},"end":{"line":28,"column":59}},"line":28},"3":{"name":"(anonymous_3)","decl":{"start":{"line":30,"column":14},"end":{"line":30,"column":15}},"loc":{"start":{"line":30,"column":20},"end":{"line":43,"column":3}},"line":30},"4":{"name":"(anonymous_4)","decl":{"start":{"line":45,"column":14},"end":{"line":45,"column":15}},"loc":{"start":{"line":46,"column":4},"end":{"line":46,"column":76}},"line":46},"5":{"name":"(anonymous_5)","decl":{"start":{"line":46,"column":26},"end":{"line":46,"column":27}},"loc":{"start":{"line":46,"column":35},"end":{"line":46,"column":75}},"line":46},"6":{"name":"(anonymous_6)","decl":{"start":{"line":48,"column":16},"end":{"line":48,"column":17}},"loc":{"start":{"line":48,"column":30},"end":{"line":61,"column":3}},"line":48},"7":{"name":"(anonymous_7)","decl":{"start":{"line":63,"column":17},"end":{"line":63,"column":18}},"loc":{"start":{"line":64,"column":4},"end":{"line":81,"column":6}},"line":64},"8":{"name":"(anonymous_8)","decl":{"start":{"line":83,"column":21},"end":{"line":83,"column":22}},"loc":{"start":{"line":83,"column":30},"end":{"line":104,"column":3}},"line":83},"9":{"name":"(anonymous_9)","decl":{"start":{"line":87,"column":6},"end":{"line":87,"column":7}},"loc":{"start":{"line":87,"column":23},"end":{"line":95,"column":7}},"line":87},"10":{"name":"(anonymous_10)","decl":{"start":{"line":106,"column":2},"end":{"line":106,"column":3}},"loc":{"start":{"line":106,"column":32},"end":{"line":132,"column":3}},"line":106},"11":{"name":"(anonymous_11)","decl":{"start":{"line":112,"column":6},"end":{"line":112,"column":7}},"loc":{"start":{"line":112,"column":12},"end":{"line":129,"column":7}},"line":112},"12":{"name":"(anonymous_12)","decl":{"start":{"line":134,"column":2},"end":{"line":134,"column":3}},"loc":{"start":{"line":134,"column":23},"end":{"line":142,"column":3}},"line":134},"13":{"name":"(anonymous_13)","decl":{"start":{"line":144,"column":2},"end":{"line":144,"column":3}},"loc":{"start":{"line":144,"column":30},"end":{"line":153,"column":3}},"line":144},"14":{"name":"(anonymous_14)","decl":{"start":{"line":148,"column":6},"end":{"line":148,"column":7}},"loc":{"start":{"line":148,"column":12},"end":{"line":150,"column":7}},"line":148},"15":{"name":"(anonymous_15)","decl":{"start":{"line":155,"column":2},"end":{"line":155,"column":3}},"loc":{"start":{"line":155,"column":41},"end":{"line":173,"column":3}},"line":155},"16":{"name":"(anonymous_16)","decl":{"start":{"line":163,"column":21},"end":{"line":163,"column":22}},"loc":{"start":{"line":163,"column":37},"end":{"line":168,"column":7}},"line":163},"17":{"name":"(anonymous_17)","decl":{"start":{"line":175,"column":11},"end":{"line":175,"column":12}},"loc":{"start":{"line":176,"column":4},"end":{"line":180,"column":10}},"line":176}},"branchMap":{"0":{"loc":{"start":{"line":28,"column":23},"end":{"line":28,"column":59}},"type":"binary-expr","locations":[{"start":{"line":28,"column":23},"end":{"line":28,"column":53}},{"start":{"line":28,"column":57},"end":{"line":28,"column":59}}],"line":28},"1":{"loc":{"start":{"line":49,"column":4},"end":{"line":60,"column":5}},"type":"switch","locations":[{"start":{"line":50,"column":6},"end":{"line":51,"column":24}},{"start":{"line":52,"column":6},"end":{"line":53,"column":24}},{"start":{"line":54,"column":6},"end":{"line":55,"column":24}},{"start":{"line":56,"column":6},"end":{"line":57,"column":24}},{"start":{"line":58,"column":6},"end":{"line":59,"column":24}}],"line":49},"2":{"loc":{"start":{"line":88,"column":8},"end":{"line":93,"column":19}},"type":"if","locations":[{"start":{"line":88,"column":8},"end":{"line":93,"column":19}},{"start":{"line":88,"column":8},"end":{"line":93,"column":19}}],"line":88},"3":{"loc":{"start":{"line":119,"column":8},"end":{"line":121,"column":9}},"type":"if","locations":[{"start":{"line":119,"column":8},"end":{"line":121,"column":9}},{"start":{"line":119,"column":8},"end":{"line":121,"column":9}}],"line":119},"4":{"loc":{"start":{"line":136,"column":4},"end":{"line":141,"column":5}},"type":"if","locations":[{"start":{"line":136,"column":4},"end":{"line":141,"column":5}},{"start":{"line":136,"column":4},"end":{"line":141,"column":5}}],"line":136},"5":{"loc":{"start":{"line":156,"column":4},"end":{"line":172,"column":5}},"type":"if","locations":[{"start":{"line":156,"column":4},"end":{"line":172,"column":5}},{"start":{"line":156,"column":4},"end":{"line":172,"column":5}}],"line":156},"6":{"loc":{"start":{"line":157,"column":6},"end":{"line":158,"column":34}},"type":"binary-expr","locations":[{"start":{"line":157,"column":6},"end":{"line":157,"column":48}},{"start":{"line":158,"column":6},"end":{"line":158,"column":34}}],"line":157},"7":{"loc":{"start":{"line":170,"column":6},"end":{"line":170,"column":71}},"type":"if","locations":[{"start":{"line":170,"column":6},"end":{"line":170,"column":71}},{"start":{"line":170,"column":6},"end":{"line":170,"column":71}}],"line":170}},"s":{"0":3,"1":3,"2":12,"3":12,"4":12,"5":4,"6":6,"7":4,"8":4,"9":4,"10":4,"11":4,"12":8,"13":8,"14":0,"15":5,"16":0,"17":3,"18":0,"19":7,"20":7,"21":7,"22":21,"23":14,"24":7,"25":7,"26":6,"27":6,"28":6,"29":0,"30":0,"31":0,"32":0,"33":0,"34":0,"35":0,"36":0,"37":0,"38":3,"39":0,"40":7,"41":3,"42":3,"43":3,"44":3,"45":6,"46":6,"47":6,"48":6,"49":3,"50":3,"51":3,"52":19,"53":3},"f":{"0":12,"1":4,"2":6,"3":4,"4":4,"5":8,"6":8,"7":7,"8":7,"9":21,"10":6,"11":0,"12":0,"13":3,"14":0,"15":7,"16":6,"17":19},"b":{"0":[6,2],"1":[0,5,0,3,0],"2":[14,7],"3":[0,0],"4":[0,0],"5":[3,4],"6":[7,4],"7":[3,0]},"_coverageSchema":"43e27e138ebf9cfc5966b082cf9a028302ed4184","hash":"84f1b79feb20a64e810a4e856c0cb4a39f7a1a5a"}
,"/Users/trebek1/code/tennis_3.0/src/components/SortByButtons.js": {"path":"/Users/trebek1/code/tennis_3.0/src/components/SortByButtons.js","statementMap":{"0":{"start":{"line":6,"column":21},"end":{"line":6,"column":26}},"1":{"start":{"line":14,"column":27},"end":{"line":14,"column":37}},"2":{"start":{"line":15,"column":4},"end":{"line":15,"column":21}},"3":{"start":{"line":16,"column":4},"end":{"line":18,"column":7}},"4":{"start":{"line":22,"column":4},"end":{"line":49,"column":10}},"5":{"start":{"line":33,"column":12},"end":{"line":33,"column":34}},"6":{"start":{"line":34,"column":8},"end":{"line":47,"column":10}},"7":{"start":{"line":53,"column":0},"end":{"line":55,"column":2}}},"fnMap":{"0":{"name":"(anonymous_0)","decl":{"start":{"line":13,"column":15},"end":{"line":13,"column":16}},"loc":{"start":{"line":13,"column":23},"end":{"line":19,"column":3}},"line":13},"1":{"name":"(anonymous_1)","decl":{"start":{"line":21,"column":11},"end":{"line":21,"column":12}},"loc":{"start":{"line":22,"column":4},"end":{"line":49,"column":10}},"line":22},"2":{"name":"(anonymous_2)","decl":{"start":{"line":25,"column":40},"end":{"line":25,"column":41}},"loc":{"start":{"line":25,"column":49},"end":{"line":48,"column":7}},"line":25}},"branchMap":{"0":{"loc":{"start":{"line":37,"column":14},"end":{"line":37,"column":56}},"type":"cond-expr","locations":[{"start":{"line":37,"column":39},"end":{"line":37,"column":51}},{"start":{"line":37,"column":54},"end":{"line":37,"column":56}}],"line":37}},"s":{"0":4,"1":1,"2":1,"3":1,"4":6,"5":30,"6":30,"7":4},"f":{"0":1,"1":6,"2":30},"b":{"0":[6,24]},"_coverageSchema":"43e27e138ebf9cfc5966b082cf9a028302ed4184","hash":"8a8c0b09ce05dd8ec44e20b41990cf71be99ec10"}
,"/Users/trebek1/code/tennis_3.0/src/components/StyleButton.js": {"path":"/Users/trebek1/code/tennis_3.0/src/components/StyleButton.js","statementMap":{"0":{"start":{"line":3,"column":20},"end":{"line":11,"column":1}},"1":{"start":{"line":4,"column":2},"end":{"line":10,"column":9}},"2":{"start":{"line":7,"column":19},"end":{"line":7,"column":41}}},"fnMap":{"0":{"name":"(anonymous_0)","decl":{"start":{"line":3,"column":20},"end":{"line":3,"column":21}},"loc":{"start":{"line":4,"column":2},"end":{"line":10,"column":9}},"line":4},"1":{"name":"(anonymous_1)","decl":{"start":{"line":7,"column":13},"end":{"line":7,"column":14}},"loc":{"start":{"line":7,"column":19},"end":{"line":7,"column":41}},"line":7}},"branchMap":{"0":{"loc":{"start":{"line":5,"column":31},"end":{"line":5,"column":67}},"type":"cond-expr","locations":[{"start":{"line":5,"column":54},"end":{"line":5,"column":62}},{"start":{"line":5,"column":65},"end":{"line":5,"column":67}}],"line":5}},"s":{"0":5,"1":20,"2":2},"f":{"0":20,"1":2},"b":{"0":[5,15]},"_coverageSchema":"43e27e138ebf9cfc5966b082cf9a028302ed4184","hash":"3bcf94b5bc12306698f311671dd768ddc46c1840"}
,"/Users/trebek1/code/tennis_3.0/src/components/StyleButtons.js": {"path":"/Users/trebek1/code/tennis_3.0/src/components/StyleButtons.js","statementMap":{"0":{"start":{"line":6,"column":23},"end":{"line":6,"column":34}},"1":{"start":{"line":14,"column":4},"end":{"line":14,"column":35}},"2":{"start":{"line":15,"column":4},"end":{"line":17,"column":7}},"3":{"start":{"line":21,"column":23},"end":{"line":21,"column":33}},"4":{"start":{"line":22,"column":4},"end":{"line":39,"column":6}},"5":{"start":{"line":26,"column":49},"end":{"line":26,"column":75}},"6":{"start":{"line":27,"column":10},"end":{"line":36,"column":12}},"7":{"start":{"line":43,"column":0},"end":{"line":45,"column":2}}},"fnMap":{"0":{"name":"(anonymous_0)","decl":{"start":{"line":13,"column":16},"end":{"line":13,"column":17}},"loc":{"start":{"line":13,"column":26},"end":{"line":18,"column":3}},"line":13},"1":{"name":"(anonymous_1)","decl":{"start":{"line":20,"column":2},"end":{"line":20,"column":3}},"loc":{"start":{"line":20,"column":11},"end":{"line":40,"column":3}},"line":20},"2":{"name":"(anonymous_2)","decl":{"start":{"line":25,"column":45},"end":{"line":25,"column":46}},"loc":{"start":{"line":25,"column":55},"end":{"line":37,"column":9}},"line":25}},"branchMap":{},"s":{"0":4,"1":1,"2":1,"3":5,"4":5,"5":30,"6":30,"7":4},"f":{"0":1,"1":5,"2":30},"b":{},"_coverageSchema":"43e27e138ebf9cfc5966b082cf9a028302ed4184","hash":"aeed7ada474446b0acdf71f8ef248a43224bb25f"}
,"/Users/trebek1/code/tennis_3.0/src/constants/buttonPannelConfig.js": {"path":"/Users/trebek1/code/tennis_3.0/src/constants/buttonPannelConfig.js","statementMap":{},"fnMap":{},"branchMap":{},"s":{},"f":{},"b":{},"_coverageSchema":"43e27e138ebf9cfc5966b082cf9a028302ed4184","hash":"a3ea8ab0d2ffee4b65b3eadfb53da9023f6e3916"}
,"/Users/trebek1/code/tennis_3.0/src/constants/courtStyles.js": {"path":"/Users/trebek1/code/tennis_3.0/src/constants/courtStyles.js","statementMap":{},"fnMap":{},"branchMap":{},"s":{},"f":{},"b":{},"_coverageSchema":"43e27e138ebf9cfc5966b082cf9a028302ed4184","hash":"5dafbec2ca2b7826fb66c153de1bf1b44877ea7b"}
,"/Users/trebek1/code/tennis_3.0/src/constants/courtTypeConfig.js": {"path":"/Users/trebek1/code/tennis_3.0/src/constants/courtTypeConfig.js","statementMap":{},"fnMap":{},"branchMap":{},"s":{},"f":{},"b":{},"_coverageSchema":"43e27e138ebf9cfc5966b082cf9a028302ed4184","hash":"6c3acb35440a2b8327e7a356b1023f7416851efe"}
,"/Users/trebek1/code/tennis_3.0/src/containers/AppContainer.js": {"path":"/Users/trebek1/code/tennis_3.0/src/containers/AppContainer.js","statementMap":{"0":{"start":{"line":19,"column":4},"end":{"line":19,"column":27}},"1":{"start":{"line":30,"column":8},"end":{"line":30,"column":18}},"2":{"start":{"line":32,"column":4},"end":{"line":51,"column":6}},"3":{"start":{"line":55,"column":24},"end":{"line":67,"column":2}},"4":{"start":{"line":62,"column":7},"end":{"line":67,"column":1}},"5":{"start":{"line":74,"column":0},"end":{"line":81,"column":2}},"6":{"start":{"line":83,"column":0},"end":{"line":89,"column":2}}},"fnMap":{"0":{"name":"(anonymous_0)","decl":{"start":{"line":18,"column":2},"end":{"line":18,"column":3}},"loc":{"start":{"line":18,"column":22},"end":{"line":20,"column":3}},"line":18},"1":{"name":"(anonymous_1)","decl":{"start":{"line":22,"column":2},"end":{"line":22,"column":3}},"loc":{"start":{"line":22,"column":11},"end":{"line":52,"column":3}},"line":22},"2":{"name":"(anonymous_2)","decl":{"start":{"line":55,"column":24},"end":{"line":55,"column":25}},"loc":{"start":{"line":62,"column":7},"end":{"line":67,"column":1}},"line":62}},"branchMap":{"0":{"loc":{"start":{"line":56,"column":10},"end":{"line":60,"column":3}},"type":"default-arg","locations":[{"start":{"line":56,"column":61},"end":{"line":60,"column":3}}],"line":56},"1":{"loc":{"start":{"line":56,"column":12},"end":{"line":56,"column":29}},"type":"default-arg","locations":[{"start":{"line":56,"column":27},"end":{"line":56,"column":29}}],"line":56},"2":{"loc":{"start":{"line":56,"column":31},"end":{"line":56,"column":43}},"type":"default-arg","locations":[{"start":{"line":56,"column":38},"end":{"line":56,"column":43}}],"line":56},"3":{"loc":{"start":{"line":56,"column":45},"end":{"line":56,"column":56}},"type":"default-arg","locations":[{"start":{"line":56,"column":54},"end":{"line":56,"column":56}}],"line":56},"4":{"loc":{"start":{"line":61,"column":2},"end":{"line":61,"column":22}},"type":"default-arg","locations":[{"start":{"line":61,"column":11},"end":{"line":61,"column":22}}],"line":61}},"s":{"0":2,"1":2,"2":2,"3":2,"4":0,"5":2,"6":2},"f":{"0":2,"1":2,"2":0},"b":{"0":[0],"1":[0],"2":[0],"3":[0],"4":[0]},"_coverageSchema":"43e27e138ebf9cfc5966b082cf9a028302ed4184","hash":"25bc5c579389c1776efc5304f27d22535e10ce80"}
,"/Users/trebek1/code/tennis_3.0/src/reducers/courts.js": {"path":"/Users/trebek1/code/tennis_3.0/src/reducers/courts.js","statementMap":{"0":{"start":{"line":5,"column":4},"end":{"line":5,"column":38}},"1":{"start":{"line":7,"column":28},"end":{"line":12,"column":1}},"2":{"start":{"line":14,"column":14},"end":{"line":14,"column":21}},"3":{"start":{"line":15,"column":13},"end":{"line":15,"column":19}},"4":{"start":{"line":16,"column":13},"end":{"line":16,"column":19}},"5":{"start":{"line":17,"column":14},"end":{"line":17,"column":21}},"6":{"start":{"line":19,"column":15},"end":{"line":55,"column":1}},"7":{"start":{"line":20,"column":25},"end":{"line":20,"column":30}},"8":{"start":{"line":21,"column":2},"end":{"line":54,"column":3}},"9":{"start":{"line":23,"column":6},"end":{"line":27,"column":8}},"10":{"start":{"line":29,"column":6},"end":{"line":41,"column":7}},"11":{"start":{"line":34,"column":10},"end":{"line":36,"column":12}},"12":{"start":{"line":35,"column":21},"end":{"line":35,"column":50}},"13":{"start":{"line":37,"column":10},"end":{"line":37,"column":16}},"14":{"start":{"line":39,"column":10},"end":{"line":39,"column":43}},"15":{"start":{"line":40,"column":10},"end":{"line":40,"column":16}},"16":{"start":{"line":42,"column":6},"end":{"line":45,"column":8}},"17":{"start":{"line":47,"column":6},"end":{"line":50,"column":8}},"18":{"start":{"line":53,"column":6},"end":{"line":53,"column":19}}},"fnMap":{"0":{"name":"(anonymous_0)","decl":{"start":{"line":19,"column":15},"end":{"line":19,"column":16}},"loc":{"start":{"line":19,"column":49},"end":{"line":55,"column":1}},"line":19},"1":{"name":"(anonymous_1)","decl":{"start":{"line":35,"column":12},"end":{"line":35,"column":13}},"loc":{"start":{"line":35,"column":21},"end":{"line":35,"column":50}},"line":35}},"branchMap":{"0":{"loc":{"start":{"line":19,"column":16},"end":{"line":19,"column":36}},"type":"default-arg","locations":[{"start":{"line":19,"column":24},"end":{"line":19,"column":36}}],"line":19},"1":{"loc":{"start":{"line":21,"column":2},"end":{"line":54,"column":3}},"type":"switch","locations":[{"start":{"line":22,"column":4},"end":{"line":27,"column":8}},{"start":{"line":28,"column":4},"end":{"line":45,"column":8}},{"start":{"line":46,"column":4},"end":{"line":50,"column":8}},{"start":{"line":52,"column":4},"end":{"line":53,"column":19}}],"line":21},"2":{"loc":{"start":{"line":29,"column":6},"end":{"line":41,"column":7}},"type":"switch","locations":[{"start":{"line":30,"column":8},"end":{"line":30,"column":18}},{"start":{"line":31,"column":8},"end":{"line":31,"column":18}},{"start":{"line":32,"column":8},"end":{"line":32,"column":19}},{"start":{"line":33,"column":8},"end":{"line":37,"column":16}},{"start":{"line":38,"column":8},"end":{"line":40,"column":16}}],"line":29}},"s":{"0":2,"1":2,"2":2,"3":2,"4":2,"5":2,"6":2,"7":17,"8":17,"9":3,"10":2,"11":1,"12":2,"13":1,"14":1,"15":1,"16":2,"17":1,"18":11},"f":{"0":17,"1":2},"b":{"0":[10],"1":[3,2,1,11],"2":[1,1,1,1,1]},"_coverageSchema":"43e27e138ebf9cfc5966b082cf9a028302ed4184","hash":"00bec4dd10c5a1867f769afeb4398284100daa8c"}
,"/Users/trebek1/code/tennis_3.0/src/reducers/index.js": {"path":"/Users/trebek1/code/tennis_3.0/src/reducers/index.js","statementMap":{"0":{"start":{"line":6,"column":17},"end":{"line":10,"column":2}}},"fnMap":{},"branchMap":{},"s":{"0":2},"f":{},"b":{},"_coverageSchema":"43e27e138ebf9cfc5966b082cf9a028302ed4184","hash":"886566ca2537a461418a83b8fdc768c9f25001d7"}
,"/Users/trebek1/code/tennis_3.0/src/reducers/styles.js": {"path":"/Users/trebek1/code/tennis_3.0/src/reducers/styles.js","statementMap":{"0":{"start":{"line":1,"column":25},"end":{"line":1,"column":59}},"1":{"start":{"line":3,"column":28},"end":{"line":3,"column":39}},"2":{"start":{"line":5,"column":15},"end":{"line":12,"column":1}},"3":{"start":{"line":6,"column":2},"end":{"line":11,"column":3}},"4":{"start":{"line":8,"column":6},"end":{"line":8,"column":28}},"5":{"start":{"line":10,"column":6},"end":{"line":10,"column":19}}},"fnMap":{"0":{"name":"(anonymous_0)","decl":{"start":{"line":5,"column":15},"end":{"line":5,"column":16}},"loc":{"start":{"line":5,"column":49},"end":{"line":12,"column":1}},"line":5}},"branchMap":{"0":{"loc":{"start":{"line":5,"column":16},"end":{"line":5,"column":36}},"type":"default-arg","locations":[{"start":{"line":5,"column":24},"end":{"line":5,"column":36}}],"line":5},"1":{"loc":{"start":{"line":6,"column":2},"end":{"line":11,"column":3}},"type":"switch","locations":[{"start":{"line":7,"column":4},"end":{"line":8,"column":28}},{"start":{"line":9,"column":4},"end":{"line":10,"column":19}}],"line":6}},"s":{"0":2,"1":2,"2":2,"3":17,"4":1,"5":16},"f":{"0":17},"b":{"0":[10],"1":[1,16]},"_coverageSchema":"43e27e138ebf9cfc5966b082cf9a028302ed4184","hash":"13e87697b320cc499678bc0c06e278f15675f801"}
}
