TN:
SF:/Users/trebek1/code/tennis_3.0/src/actions/courtActions.js
FN:8,(anonymous_0)
FN:8,(anonymous_1)
FN:11,(anonymous_2)
FN:13,(anonymous_3)
FN:15,(anonymous_4)
FN:17,(anonymous_5)
FNF:6
FNH:6
FNDA:1,(anonymous_0)
FNDA:1,(anonymous_1)
FNDA:1,(anonymous_2)
FNDA:2,(anonymous_3)
FNDA:3,(anonymous_4)
FNDA:2,(anonymous_5)
DA:3,4
DA:4,4
DA:5,4
DA:6,4
DA:8,4
DA:9,1
DA:11,1
DA:13,4
DA:15,4
DA:17,4
LF:10
LH:10
BRF:0
BRH:0
end_of_record
TN:
SF:/Users/trebek1/code/tennis_3.0/src/components/App.js
FN:18,(anonymous_0)
FNF:1
FNH:1
FNDA:1,(anonymous_0)
DA:16,1
DA:18,1
DA:19,1
LF:3
LH:3
BRF:0
BRH:0
end_of_record
TN:
SF:/Users/trebek1/code/tennis_3.0/src/components/CourtList.js
FN:3,(anonymous_0)
FN:5,(anonymous_1)
FN:10,(anonymous_2)
FN:14,(anonymous_3)
FN:22,(anonymous_4)
FNF:5
FNH:5
FNDA:9,(anonymous_0)
FNDA:2,(anonymous_1)
FNDA:7,(anonymous_2)
FNDA:1,(anonymous_3)
FNDA:1,(anonymous_4)
DA:3,3
DA:4,9
DA:5,5
DA:6,2
DA:8,5
DA:11,7
DA:14,1
DA:23,1
DA:32,4
LF:9
LH:9
BRDA:4,0,0,5
BRDA:4,0,1,4
BRDA:4,1,0,9
BRDA:4,1,1,7
BRDA:19,2,0,3
BRDA:19,2,1,2
BRF:6
BRH:6
end_of_record
TN:
SF:/Users/trebek1/code/tennis_3.0/src/components/CourtTypeTile.js
FN:3,(anonymous_0)
FN:4,(anonymous_1)
FNF:2
FNH:2
FNDA:19,(anonymous_0)
FNDA:2,(anonymous_1)
DA:3,5
DA:4,19
LF:2
LH:2
BRDA:5,0,0,15
BRDA:5,0,1,4
BRF:2
BRH:2
end_of_record
TN:
SF:/Users/trebek1/code/tennis_3.0/src/components/Footer.js
FN:3,(anonymous_0)
FNF:1
FNH:1
FNDA:1,(anonymous_0)
DA:3,2
DA:4,1
LF:2
LH:2
BRF:0
BRH:0
end_of_record
TN:
SF:/Users/trebek1/code/tennis_3.0/src/components/Map.js
FN:20,(anonymous_0)
FN:23,(anonymous_1)
FN:28,(anonymous_2)
FN:30,(anonymous_3)
FN:45,(anonymous_4)
FN:46,(anonymous_5)
FN:48,(anonymous_6)
FN:63,(anonymous_7)
FN:83,(anonymous_8)
FN:87,(anonymous_9)
FN:106,(anonymous_10)
FN:112,(anonymous_11)
FN:134,(anonymous_12)
FN:144,(anonymous_13)
FN:148,(anonymous_14)
FN:155,(anonymous_15)
FN:163,(anonymous_16)
FN:175,(anonymous_17)
FNF:18
FNH:15
FNDA:13,(anonymous_0)
FNDA:5,(anonymous_1)
FNDA:6,(anonymous_2)
FNDA:4,(anonymous_3)
FNDA:4,(anonymous_4)
FNDA:8,(anonymous_5)
FNDA:8,(anonymous_6)
FNDA:7,(anonymous_7)
FNDA:7,(anonymous_8)
FNDA:21,(anonymous_9)
FNDA:6,(anonymous_10)
FNDA:0,(anonymous_11)
FNDA:0,(anonymous_12)
FNDA:3,(anonymous_13)
FNDA:0,(anonymous_14)
FNDA:8,(anonymous_15)
FNDA:6,(anonymous_16)
FNDA:21,(anonymous_17)
DA:5,3
DA:7,3
DA:21,13
DA:22,13
DA:23,13
DA:24,5
DA:28,6
DA:31,4
DA:32,4
DA:39,4
DA:42,4
DA:46,8
DA:49,8
DA:51,0
DA:53,5
DA:55,0
DA:57,3
DA:59,0
DA:64,7
DA:84,7
DA:86,7
DA:88,21
DA:89,14
DA:94,7
DA:103,7
DA:107,6
DA:108,6
DA:109,6
DA:117,0
DA:119,0
DA:120,0
DA:123,0
DA:125,0
DA:135,0
DA:136,0
DA:137,0
DA:138,0
DA:145,3
DA:149,0
DA:156,8
DA:160,3
DA:161,3
DA:162,3
DA:163,3
DA:164,6
DA:165,6
DA:166,6
DA:167,6
DA:170,3
DA:171,3
DA:176,21
DA:185,3
LF:52
LH:39
BRDA:28,0,0,6
BRDA:28,0,1,2
BRDA:49,1,0,0
BRDA:49,1,1,5
BRDA:49,1,2,0
BRDA:49,1,3,3
BRDA:49,1,4,0
BRDA:88,2,0,14
BRDA:88,2,1,7
BRDA:119,3,0,0
BRDA:119,3,1,0
BRDA:136,4,0,0
BRDA:136,4,1,0
BRDA:156,5,0,3
BRDA:156,5,1,5
BRDA:157,6,0,8
BRDA:157,6,1,5
BRDA:170,7,0,3
BRDA:170,7,1,0
BRF:19
BRH:11
end_of_record
TN:
SF:/Users/trebek1/code/tennis_3.0/src/components/SortByButtons.js
FN:13,(anonymous_0)
FN:21,(anonymous_1)
FN:25,(anonymous_2)
FNF:3
FNH:3
FNDA:1,(anonymous_0)
FNDA:6,(anonymous_1)
FNDA:30,(anonymous_2)
DA:6,4
DA:14,1
DA:15,1
DA:16,1
DA:22,6
DA:33,30
DA:34,30
DA:53,4
LF:8
LH:8
BRDA:37,0,0,6
BRDA:37,0,1,24
BRF:2
BRH:2
end_of_record
TN:
SF:/Users/trebek1/code/tennis_3.0/src/components/StyleButton.js
FN:3,(anonymous_0)
FN:7,(anonymous_1)
FNF:2
FNH:2
FNDA:20,(anonymous_0)
FNDA:2,(anonymous_1)
DA:3,5
DA:4,20
DA:7,2
LF:3
LH:3
BRDA:5,0,0,5
BRDA:5,0,1,15
BRF:2
BRH:2
end_of_record
TN:
SF:/Users/trebek1/code/tennis_3.0/src/components/StyleButtons.js
FN:13,(anonymous_0)
FN:20,(anonymous_1)
FN:25,(anonymous_2)
FNF:3
FNH:3
FNDA:1,(anonymous_0)
FNDA:5,(anonymous_1)
FNDA:30,(anonymous_2)
DA:6,4
DA:14,1
DA:15,1
DA:21,5
DA:22,5
DA:26,30
DA:27,30
DA:43,4
LF:8
LH:8
BRF:0
BRH:0
end_of_record
TN:
SF:/Users/trebek1/code/tennis_3.0/src/constants/buttonPannelConfig.js
FNF:0
FNH:0
LF:0
LH:0
BRF:0
BRH:0
end_of_record
TN:
SF:/Users/trebek1/code/tennis_3.0/src/constants/courtStyles.js
FNF:0
FNH:0
LF:0
LH:0
BRF:0
BRH:0
end_of_record
TN:
SF:/Users/trebek1/code/tennis_3.0/src/constants/courtTypeConfig.js
FNF:0
FNH:0
LF:0
LH:0
BRF:0
BRH:0
end_of_record
TN:
SF:/Users/trebek1/code/tennis_3.0/src/containers/AppContainer.js
FN:18,(anonymous_0)
FN:22,(anonymous_1)
FN:55,(anonymous_2)
FNF:3
FNH:2
FNDA:2,(anonymous_0)
FNDA:2,(anonymous_1)
FNDA:0,(anonymous_2)
DA:19,2
DA:30,2
DA:32,2
DA:55,2
DA:62,0
DA:74,2
DA:83,2
LF:7
LH:6
BRDA:56,0,0,0
BRDA:56,1,0,0
BRDA:56,2,0,0
BRDA:56,3,0,0
BRDA:61,4,0,0
BRF:5
BRH:0
end_of_record
TN:
SF:/Users/trebek1/code/tennis_3.0/src/reducers/courts.js
FN:19,(anonymous_0)
FN:35,(anonymous_1)
FNF:2
FNH:2
FNDA:17,(anonymous_0)
FNDA:2,(anonymous_1)
DA:5,2
DA:7,2
DA:14,2
DA:15,2
DA:16,2
DA:17,2
DA:19,2
DA:20,17
DA:21,17
DA:23,3
DA:29,2
DA:34,1
DA:35,2
DA:37,1
DA:39,1
DA:40,1
DA:42,2
DA:47,1
DA:53,11
LF:19
LH:19
BRDA:19,0,0,10
BRDA:21,1,0,3
BRDA:21,1,1,2
BRDA:21,1,2,1
BRDA:21,1,3,11
BRDA:29,2,0,1
BRDA:29,2,1,1
BRDA:29,2,2,1
BRDA:29,2,3,1
BRDA:29,2,4,1
BRF:10
BRH:10
end_of_record
TN:
SF:/Users/trebek1/code/tennis_3.0/src/reducers/index.js
FNF:0
FNH:0
DA:6,2
LF:1
LH:1
BRF:0
BRH:0
end_of_record
TN:
SF:/Users/trebek1/code/tennis_3.0/src/reducers/styles.js
FN:5,(anonymous_0)
FNF:1
FNH:1
FNDA:17,(anonymous_0)
DA:1,2
DA:3,2
DA:5,2
DA:6,17
DA:8,1
DA:10,16
LF:6
LH:6
BRDA:5,0,0,10
BRDA:6,1,0,1
BRDA:6,1,1,16
BRF:3
BRH:3
end_of_record
